2026-01-09 08:39:52,771 - pymongo.client - ERROR - MongoClient background task encountered an error:
Traceback (most recent call last):
  File "C:\Users\Marvin\AppData\Local\Packages\PythonSoftwareFoundation.Python.3.11_qbz5n2kfra8p0\LocalCache\local-packages\Python311\site-packages\pymongo\synchronous\pool.py", line 413, in command
    return command(
           ^^^^^^^^
  File "C:\Users\Marvin\AppData\Local\Packages\PythonSoftwareFoundation.Python.3.11_qbz5n2kfra8p0\LocalCache\local-packages\Python311\site-packages\pymongo\synchronous\network.py", line 198, in command
    reply = receive_message(conn, request_id)
            ^^^^^^^^^^^^^^^^^^^^^^^^^^^^^^^^^
  File "C:\Users\Marvin\AppData\Local\Packages\PythonSoftwareFoundation.Python.3.11_qbz5n2kfra8p0\LocalCache\local-packages\Python311\site-packages\pymongo\network_layer.py", line 759, in receive_message
    length, _, response_to, op_code = _UNPACK_HEADER(receive_data(conn, 16, deadline))
                                                     ^^^^^^^^^^^^^^^^^^^^^^^^^^^^^^^^
  File "C:\Users\Marvin\AppData\Local\Packages\PythonSoftwareFoundation.Python.3.11_qbz5n2kfra8p0\LocalCache\local-packages\Python311\site-packages\pymongo\network_layer.py", line 343, in receive_data
    wait_for_read(conn, deadline)
  File "C:\Users\Marvin\AppData\Local\Packages\PythonSoftwareFoundation.Python.3.11_qbz5n2kfra8p0\LocalCache\local-packages\Python311\site-packages\pymongo\network_layer.py", line 322, in wait_for_read
    raise socket.timeout("timed out")
TimeoutError: timed out

The above exception was the direct cause of the following exception:

Traceback (most recent call last):
  File "C:\Users\Marvin\AppData\Local\Packages\PythonSoftwareFoundation.Python.3.11_qbz5n2kfra8p0\LocalCache\local-packages\Python311\site-packages\pymongo\synchronous\mongo_client.py", line 2248, in _process_periodic_tasks
    self._topology.update_pool()
  File "C:\Users\Marvin\AppData\Local\Packages\PythonSoftwareFoundation.Python.3.11_qbz5n2kfra8p0\LocalCache\local-packages\Python311\site-packages\pymongo\synchronous\topology.py", line 688, in update_pool
    server.pool.remove_stale_sockets(generation)
  File "C:\Users\Marvin\AppData\Local\Packages\PythonSoftwareFoundation.Python.3.11_qbz5n2kfra8p0\LocalCache\local-packages\Python311\site-packages\pymongo\synchronous\pool.py", line 978, in remove_stale_sockets
    conn = self.connect()
           ^^^^^^^^^^^^^^
  File "C:\Users\Marvin\AppData\Local\Packages\PythonSoftwareFoundation.Python.3.11_qbz5n2kfra8p0\LocalCache\local-packages\Python311\site-packages\pymongo\synchronous\pool.py", line 1072, in connect
    conn.authenticate()
  File "C:\Users\Marvin\AppData\Local\Packages\PythonSoftwareFoundation.Python.3.11_qbz5n2kfra8p0\LocalCache\local-packages\Python311\site-packages\pymongo\synchronous\pool.py", line 525, in authenticate
    auth.authenticate(creds, self, reauthenticate=reauthenticate)
  File "C:\Users\Marvin\AppData\Local\Packages\PythonSoftwareFoundation.Python.3.11_qbz5n2kfra8p0\LocalCache\local-packages\Python311\site-packages\pymongo\synchronous\auth.py", line 450, in authenticate
    auth_func(credentials, conn)
  File "C:\Users\Marvin\AppData\Local\Packages\PythonSoftwareFoundation.Python.3.11_qbz5n2kfra8p0\LocalCache\local-packages\Python311\site-packages\pymongo\synchronous\auth.py", line 355, in _authenticate_default
    return _authenticate_scram(credentials, conn, "SCRAM-SHA-1")
           ^^^^^^^^^^^^^^^^^^^^^^^^^^^^^^^^^^^^^^^^^^^^^^^^^^^^^
  File "C:\Users\Marvin\AppData\Local\Packages\PythonSoftwareFoundation.Python.3.11_qbz5n2kfra8p0\LocalCache\local-packages\Python311\site-packages\pymongo\synchronous\auth.py", line 96, in _authenticate_scram
    res = conn.command(source, cmd)
          ^^^^^^^^^^^^^^^^^^^^^^^^^
  File "C:\Users\Marvin\AppData\Local\Packages\PythonSoftwareFoundation.Python.3.11_qbz5n2kfra8p0\LocalCache\local-packages\Python311\site-packages\pymongo\synchronous\helpers.py", line 47, in inner
    return func(*args, **kwargs)
           ^^^^^^^^^^^^^^^^^^^^^
  File "C:\Users\Marvin\AppData\Local\Packages\PythonSoftwareFoundation.Python.3.11_qbz5n2kfra8p0\LocalCache\local-packages\Python311\site-packages\pymongo\synchronous\pool.py", line 441, in command
    self._raise_connection_failure(error)
  File "C:\Users\Marvin\AppData\Local\Packages\PythonSoftwareFoundation.Python.3.11_qbz5n2kfra8p0\LocalCache\local-packages\Python311\site-packages\pymongo\synchronous\pool.py", line 643, in _raise_connection_failure
    _raise_connection_failure(self.address, error, timeout_details=details)
  File "C:\Users\Marvin\AppData\Local\Packages\PythonSoftwareFoundation.Python.3.11_qbz5n2kfra8p0\LocalCache\local-packages\Python311\site-packages\pymongo\pool_shared.py", line 142, in _raise_connection_failure
    raise NetworkTimeout(msg) from error
pymongo.errors.NetworkTimeout: ac-yffdqui-shard-00-01.rwl9k7j.mongodb.net:27017: timed out (configured timeouts: socketTimeoutMS: 20000.0ms, connectTimeoutMS: 10000.0ms)
